Determining if the pthread_create exist failed with the following output:
Change Dir: /home/ligirk/catkin_ws/build/CMakeFiles/CMakeTmp

Run Build Command:"/usr/bin/make" "cmTC_cbd9a/fast"
/usr/bin/make -f CMakeFiles/cmTC_cbd9a.dir/build.make CMakeFiles/cmTC_cbd9a.dir/build
make[1]: Entering directory '/home/ligirk/catkin_ws/build/CMakeFiles/CMakeTmp'
Building C object CMakeFiles/cmTC_cbd9a.dir/CheckSymbolExists.c.o
/usr/bin/cc    -o CMakeFiles/cmTC_cbd9a.dir/CheckSymbolExists.c.o   -c /home/ligirk/catkin_ws/build/CMakeFiles/CMakeTmp/CheckSymbolExists.c
Linking C executable cmTC_cbd9a
/usr/bin/cmake -E cmake_link_script CMakeFiles/cmTC_cbd9a.dir/link.txt --verbose=1
/usr/bin/cc      -rdynamic CMakeFiles/cmTC_cbd9a.dir/CheckSymbolExists.c.o  -o cmTC_cbd9a 
CMakeFiles/cmTC_cbd9a.dir/CheckSymbolExists.c.o: In function `main':
CheckSymbolExists.c:(.text+0x1b): undefined reference to `pthread_create'
collect2: error: ld returned 1 exit status
CMakeFiles/cmTC_cbd9a.dir/build.make:97: recipe for target 'cmTC_cbd9a' failed
make[1]: *** [cmTC_cbd9a] Error 1
make[1]: Leaving directory '/home/ligirk/catkin_ws/build/CMakeFiles/CMakeTmp'
Makefile:126: recipe for target 'cmTC_cbd9a/fast' failed
make: *** [cmTC_cbd9a/fast] Error 2

File /home/ligirk/catkin_ws/build/CMakeFiles/CMakeTmp/CheckSymbolExists.c:
/* */
#include <pthread.h>

int main(int argc, char** argv)
{
  (void)argv;
#ifndef pthread_create
  return ((int*)(&pthread_create))[argc];
#else
  (void)argc;
  return 0;
#endif
}

Determining if the function pthread_create exists in the pthreads failed with the following output:
Change Dir: /home/ligirk/catkin_ws/build/CMakeFiles/CMakeTmp

Run Build Command:"/usr/bin/make" "cmTC_2a450/fast"
/usr/bin/make -f CMakeFiles/cmTC_2a450.dir/build.make CMakeFiles/cmTC_2a450.dir/build
make[1]: Entering directory '/home/ligirk/catkin_ws/build/CMakeFiles/CMakeTmp'
Building C object CMakeFiles/cmTC_2a450.dir/CheckFunctionExists.c.o
/usr/bin/cc   -DCHECK_FUNCTION_EXISTS=pthread_create   -o CMakeFiles/cmTC_2a450.dir/CheckFunctionExists.c.o   -c /usr/share/cmake-3.10/Modules/CheckFunctionExists.c
Linking C executable cmTC_2a450
/usr/bin/cmake -E cmake_link_script CMakeFiles/cmTC_2a450.dir/link.txt --verbose=1
/usr/bin/cc  -DCHECK_FUNCTION_EXISTS=pthread_create    -rdynamic CMakeFiles/cmTC_2a450.dir/CheckFunctionExists.c.o  -o cmTC_2a450 -lpthreads 
/usr/bin/ld: cannot find -lpthreads
collect2: error: ld returned 1 exit status
CMakeFiles/cmTC_2a450.dir/build.make:97: recipe for target 'cmTC_2a450' failed
make[1]: *** [cmTC_2a450] Error 1
make[1]: Leaving directory '/home/ligirk/catkin_ws/build/CMakeFiles/CMakeTmp'
Makefile:126: recipe for target 'cmTC_2a450/fast' failed
make: *** [cmTC_2a450/fast] Error 2


